c PBO-#with-oracle
c timeout: 300
c verbose: True
c baseline: False
c print_solution: False
c ---------------------------------
c solving file: /proj/wolli/pbo-instances/KNAP/circle/knapPI_16_500_1000_1_-13145.opb
t 0.024s - 0
t 2.341s - -4053
t 4.414s - -4818
t 6.405s - -5460
t 8.432s - -6413
t 12.374s - -6532
t 14.333s - -6776
t 20.307s - -6821
t 24.177s - -7108
t 30.058s - -7182
t 33.956s - -7195
t 35.885s - -7412
t 37.823s - -7531
t 47.586s - -7543
t 49.503s - -7911
t 53.329s - -9343
t 300.003s - -9343
r SAT
real 301.24
user 276.70
sys 25.80
