c PBO-#with-oracle
c timeout: 300
c verbose: True
c baseline: False
c print_solution: False
c ---------------------------------
c solving file: /proj/wolli/pbo-instances/KNAP/circle/knapPI_16_200_1000_5_-18008.opb
t 0.030s - 0
t 13.071s - -7864
t 38.143s - -8310
t 50.702s - -9022
t 75.396s - -9865
t 87.669s - -9872
t 100.614s - -11322
t 150.590s - -11440
t 187.561s - -11516
t 199.918s - -11713
t 212.131s - -12019
t 224.211s - -13078
t 236.439s - -13083
t 248.540s - -13250
t 260.594s - -13343
t 300.016s - -13343
r SAT
real 301.39
user 284.46
sys 18.35
