c PBO-#with-oracle
c timeout: 300
c verbose: True
c baseline: False
c print_solution: False
c ---------------------------------
c solving file: /proj/wolli/pbo-instances/KNAP/circle/knapPI_16_100_1000_2_-3898.opb
t 0.025s - 0
t 0.457s - -1884
t 0.859s - -2081
t 1.265s - -2965
t 1.636s - -3245
t 1.943s - -3516
t 2.556s - -3605
t 9.791s - -3663
t 42.527s - -3761
t 47.511s - -3775
t 53.772s - -3818
t 66.190s - -4072
t 100.806s - -4136
t 119.840s - -4189
t 188.646s - -4217
t 223.304s - -4251
t 300.000s - -4251
r SAT
real 301.16
user 257.73
sys 44.94
