c PBO-#with-oracle
c timeout: 300
c verbose: True
c baseline: True
c print_solution: False
c ---------------------------------
c solving file: /proj/wolli/pbo-instances/KNAP/strongly_correlated_span/knapPI_13_20_1000_3_-1200.opb
t 0.021s - 0
t 0.135s - -1083
t 0.347s - -1182
t 0.705s - -1214
t 0.829s - -1215
t 0.951s - -1228
t 1.094s - -1400
t 2.337s - -1409
t 2.788s - -1414
t 3.122s - -1517
t 8.001s - -1551
t 70.283s - -1585
t 212.965s - -1590
t 217.088s - -1599
t 300.000s - -1599
r SAT
real 301.12
user 212.16
sys 90.55
