c PBO-#with-oracle
c timeout: 300
c verbose: True
c baseline: False
c print_solution: False
c ---------------------------------
c solving file: /proj/wolli/pbo-instances/KNAP/uncorrelated_span/knapPI_11_50_1000_4_-1600.opb
t 0.025s - 0
t 0.472s - -2497
t 0.885s - -2549
t 1.959s - -2598
t 3.212s - -2638
t 6.358s - -2658
t 8.210s - -2762
t 9.539s - -3102
t 12.645s - -4144
t 20.743s - -4528
t 49.381s - -4600
t 49.985s - -4626
t 51.514s - -5987
t 92.927s - -6140
t 235.023s - -6182
t 300.001s - -6182
r SAT
real 301.20
user 261.85
sys 40.84
