c PBO-#with-oracle
c timeout: 300
c verbose: True
c baseline: False
c print_solution: False
c ---------------------------------
c solving file: /proj/wolli/pbo-instances/KNAP/uncorrelated_span/knapPI_11_50_1000_4_-1600.opb
t 0.036s - 0
t 0.276s - -2497
t 0.492s - -2549
t 1.116s - -2598
t 1.756s - -2638
t 3.413s - -2658
t 4.391s - -2762
t 5.062s - -3102
t 6.702s - -4144
t 10.980s - -4528
t 26.132s - -4600
t 26.454s - -4626
t 27.270s - -5987
t 49.037s - -6140
t 124.474s - -6182
t 300.000s - -6182
r SAT
real 301.17
user 239.08
sys 63.65
