c PBO-#with-oracle
c timeout: 300
c verbose: True
c baseline: True
c print_solution: False
c ---------------------------------
c solving file: /proj/wolli/pbo-instances/KNAP/uncorrelated/knapPI_1_50_10000_2_-61669.opb
t 0.028s - 0
t 0.213s - -28407
t 0.399s - -34168
t 0.595s - -39246
t 0.984s - -43000
t 1.310s - -45058
t 1.447s - -50552
t 1.733s - -52107
t 2.861s - -53317
t 3.278s - -57368
t 8.353s - -57422
t 13.053s - -65464
t 15.600s - -77170
t 97.395s - -80379
t 123.228s - -81270
t 229.395s - -87374
t 300.001s - -87374
r SAT
real 301.22
user 229.01
sys 73.75
