c PBO-#with-oracle
c timeout: 300
c verbose: True
c baseline: True
c print_solution: False
c ---------------------------------
c solving file: /proj/wolli/pbo-instances/KNAP/uncorrelated/knapPI_1_50_10000_3_-71860.opb
t 0.037s - 0
t 0.301s - -23964
t 0.592s - -43775
t 2.443s - -57362
t 2.914s - -71129
t 12.197s - -72388
t 22.792s - -75060
t 32.762s - -78541
t 37.286s - -81226
t 54.076s - -83929
t 92.312s - -86874
t 234.187s - -87345
t 254.506s - -94529
t 300.001s - -94529
r SAT
real 301.07
user 241.43
sys 61.12
