c PBO-#with-oracle
c timeout: 300
c verbose: True
c baseline: True
c print_solution: False
c ---------------------------------
c solving file: /proj/wolli/pbo-instances/KNAP/uncorrelated/knapPI_1_50_1000_2_-5847.opb
t 0.031s - 0
t 0.220s - -3159
t 0.409s - -4321
t 3.201s - -4394
t 4.048s - -5374
t 9.079s - -6016
t 9.943s - -6023
t 15.378s - -6047
t 38.132s - -6054
t 53.810s - -6252
t 59.431s - -6263
t 65.079s - -6580
t 70.437s - -6611
t 126.030s - -7203
t 195.217s - -7590
t 300.008s - -7590
r SAT
real 301.24
user 232.64
sys 69.88
