c PBO-#with-oracle
c timeout: 300
c verbose: True
c baseline: True
c print_solution: False
c ---------------------------------
c solving file: /proj/wolli/pbo-instances/KNAP/uncorrelated/knapPI_1_100_10000_1_-81021.opb
t 0.022s - 0
t 0.219s - -26320
t 0.402s - -31024
t 0.566s - -40174
t 1.144s - -41915
t 1.766s - -42666
t 2.734s - -44164
t 3.951s - -48513
t 9.930s - -49418
t 10.608s - -49928
t 10.896s - -55900
t 24.447s - -58581
t 38.256s - -59796
t 50.344s - -68642
t 237.072s - -71007
t 300.001s - -71007
r SAT
real 301.17
user 231.93
sys 70.69
