c PBO-#with-oracle
c timeout: 300
c verbose: True
c baseline: True
c print_solution: False
c ---------------------------------
c solving file: /proj/wolli/pbo-instances/KNAP/uncorrelated/knapPI_1_200_1000_1_-11238.opb
t 0.030s - 0
t 0.460s - -2885
t 0.868s - -3270
t 1.274s - -3514
t 3.254s - -4044
t 3.578s - -4647
t 18.677s - -4847
t 23.251s - -5218
t 48.957s - -5717
t 87.450s - -6016
t 96.604s - -6137
t 127.044s - -6157
t 197.706s - -6992
t 300.001s - -6992
r SAT
real 301.07
user 257.92
sys 44.95
