c PBO-#with-oracle
c timeout: 300
c verbose: True
c baseline: True
c print_solution: False
c ---------------------------------
c solving file: /proj/wolli/pbo-instances/KNAP/almost_strongly_correlated/knapPI_5_100_10000_1_-23965.opb
t 0.019s - 0
t 0.111s - -14936
t 0.284s - -16936
t 0.574s - -17947
t 1.314s - -18870
t 2.951s - -19614
t 5.375s - -19877
t 18.685s - -20668
t 24.923s - -20956
t 57.444s - -20963
t 81.579s - -20969
t 96.834s - -21871
t 300.001s - -21871
r SAT
real 301.14
user 165.73
sys 136.92
