c PBO-#with-oracle
c timeout: 300
c verbose: True
c baseline: True
c print_solution: False
c ---------------------------------
c solving file: /proj/wolli/pbo-instances/KNAP/almost_strongly_correlated/knapPI_5_50_10000_5_-22000.opb
t 0.019s - 0
t 0.398s - -19009
t 0.773s - -20973
t 1.960s - -20982
t 2.575s - -21991
t 3.187s - -22958
t 6.780s - -23953
t 7.689s - -24005
t 38.359s - -24872
t 45.935s - -24932
t 58.728s - -24996
t 77.070s - -25964
t 88.005s - -26989
t 168.781s - -27988
t 300.001s - -27988
r SAT
real 301.07
user 231.14
sys 71.38
