c PBO-#with-oracle
c timeout: 300
c verbose: True
c baseline: False
c print_solution: False
c ---------------------------------
c solving file: /proj/wolli/pbo-instances/KNAP/weakly_correlated/knapPI_2_100_10000_4_-25763.opb
t 0.024s - 0
t 1.416s - -17901
t 2.615s - -19988
t 4.986s - -21904
t 8.534s - -22650
t 9.704s - -25383
t 15.452s - -26212
t 60.238s - -27017
t 62.588s - -27094
t 90.864s - -27105
t 105.651s - -28608
t 199.286s - -29307
t 300.001s - -29307
r SAT
real 301.17
user 268.62
sys 33.80
