c PBO-#with-oracle
c timeout: 300
c verbose: True
c baseline: False
c print_solution: False
c ---------------------------------
c solving file: /proj/wolli/pbo-instances/KNAP/weakly_correlated/knapPI_2_500_10000_2_-84358.opb
t 0.028s - 0
t 12.749s - -55650
t 25.165s - -55727
t 50.016s - -56506
t 62.300s - -56702
t 86.996s - -57185
t 111.655s - -60000
t 173.772s - -60554
t 185.901s - -61820
t 197.982s - -62739
t 235.277s - -62813
t 247.348s - -63014
t 259.333s - -64529
t 300.001s - -64529
r SAT
real 301.16
user 285.88
sys 16.85
