c PBO-#with-oracle
c timeout: 300
c verbose: True
c baseline: False
c print_solution: False
c ---------------------------------
c solving file: /proj/wolli/pbo-instances/KNAP/strongly_correlated_span/knapPI_13_50_1000_3_-1200.opb
t 0.022s - 0
t 0.136s - -1146
t 0.365s - -1220
t 0.607s - -1276
t 0.733s - -1358
t 0.857s - -1556
t 1.935s - -1578
t 10.875s - -1602
t 29.240s - -1638
t 67.814s - -1667
t 78.302s - -1671
t 114.632s - -1677
t 201.316s - -1709
t 288.220s - -1757
t 300.000s - -1757
r SAT
real 301.17
user 211.58
sys 91.23
