c PBO-#with-oracle
c timeout: 300
c verbose: True
c baseline: False
c print_solution: False
c ---------------------------------
c solving file: /proj/wolli/pbo-instances/KNAP/strongly_correlated_span/knapPI_13_50_1000_4_-969.opb
t 0.019s - 0
t 0.223s - -985
t 0.391s - -990
t 0.564s - -1061
t 1.928s - -1097
t 2.064s - -1114
t 2.202s - -1133
t 2.892s - -1156
t 4.566s - -1201
t 4.702s - -1328
t 83.145s - -1330
t 91.365s - -1372
t 179.998s - -1375
t 185.263s - -1408
t 202.407s - -1411
t 300.000s - -1411
r SAT
real 301.13
user 227.86
sys 74.89
