c PBO-#with-oracle
c timeout: 300
c verbose: True
c baseline: False
c print_solution: False
c ---------------------------------
c solving file: /proj/wolli/pbo-instances/KNAP/uncorrelated/knapPI_1_100_10000_1_-81021.opb
t 0.023s - 0
t 0.195s - -23147
t 0.529s - -45994
t 1.616s - -49883
t 1.898s - -57299
t 2.733s - -64263
t 11.114s - -64797
t 12.206s - -67027
t 24.849s - -68052
t 28.666s - -69796
t 44.623s - -72785
t 53.515s - -74144
t 145.360s - -76703
t 152.174s - -78733
t 300.001s - -78733
r SAT
real 301.09
user 242.42
sys 60.28
