c PBO-#with-oracle
c timeout: 300
c verbose: True
c baseline: False
c print_solution: False
c ---------------------------------
c solving file: /proj/wolli/pbo-instances/KNAP/uncorrelated/knapPI_1_500_1000_2_-44338.opb
t 0.032s - 0
t 12.748s - -7854
t 26.088s - -11051
t 38.570s - -12329
t 50.971s - -14901
t 63.321s - -17090
t 75.923s - -17507
t 188.316s - -17984
t 225.411s - -19288
t 250.074s - -20395
t 262.335s - -20709
t 299.338s - -21326
t 300.008s - -21326
r SAT
real 301.31
user 284.64
sys 18.10
