c PBO-#with-oracle
c timeout: 300
c verbose: True
c baseline: False
c print_solution: False
c ---------------------------------
c solving file: /proj/wolli/pbo-instances/KNAP/uncorrelated/knapPI_1_100_10000_3_-101460.opb
t 0.026s - 0
t 0.910s - -38729
t 1.782s - -67728
t 3.555s - -70776
t 4.373s - -77712
t 5.653s - -80743
t 7.636s - -88927
t 9.291s - -96574
t 11.445s - -101952
t 12.073s - -128029
t 22.094s - -128462
t 27.856s - -132173
t 28.463s - -139056
t 39.663s - -139154
t 62.378s - -157391
t 62.975s - -173195
t 300.003s - -173195
r SAT
real 301.25
user 267.34
sys 35.38
