c PBO-#with-oracle
c timeout: 300
c verbose: True
c baseline: False
c print_solution: False
c ---------------------------------
c solving file: /proj/wolli/pbo-instances/KNAP/uncorrelated/knapPI_1_50_10000_5_-57448.opb
t 0.024s - 0
t 0.610s - -14053
t 1.242s - -28492
t 1.736s - -80796
t 2.225s - -106546
t 3.598s - -134335
t 60.282s - -135107
t 61.118s - -135927
t 62.917s - -141756
t 222.161s - -155650
t 238.714s - -158017
t 239.123s - -161287
t 300.000s - -161287
r SAT
real 301.17
user 259.99
sys 42.48
