c PBO-#with-oracle
c timeout: 300
c verbose: True
c baseline: False
c print_solution: False
c ---------------------------------
c solving file: /proj/wolli/pbo-instances/KNAP/uncorrelated/knapPI_1_50_1000_5_-4889.opb
t 0.024s - 0
t 0.632s - -2541
t 1.225s - -4146
t 2.958s - -6534
t 3.853s - -6603
t 4.741s - -9196
t 11.883s - -10127
t 16.235s - -10572
t 16.657s - -10816
t 18.823s - -10865
t 29.854s - -11304
t 62.586s - -11372
t 63.011s - -12246
t 300.001s - -12246
r SAT
real 301.14
user 266.40
sys 36.17
