c PBO-#with-oracle
c timeout: 300
c verbose: True
c baseline: False
c print_solution: False
c ---------------------------------
c solving file: /proj/wolli/pbo-instances/KNAP/uncorrelated/knapPI_1_200_1000_2_-17058.opb
t 0.025s - 0
t 1.539s - -5401
t 2.734s - -7994
t 5.121s - -8378
t 6.302s - -8680
t 7.483s - -10312
t 8.648s - -12116
t 17.909s - -12819
t 51.880s - -13017
t 53.014s - -13401
t 92.978s - -13490
t 123.249s - -14360
t 124.381s - -15291
t 300.001s - -15291
r SAT
real 301.16
user 268.99
sys 33.72
