c PBO-#with-oracle
c timeout: 300
c verbose: True
c baseline: False
c print_solution: False
c ---------------------------------
c solving file: /proj/wolli/pbo-instances/KNAP/uncorrelated/knapPI_1_200_10000_4_-217984.opb
t 0.026s - 0
t 7.098s - -71186
t 20.592s - -98494
t 27.956s - -129346
t 41.232s - -150976
t 47.818s - -165849
t 54.351s - -177478
t 60.907s - -184601
t 93.855s - -185773
t 100.378s - -186308
t 106.853s - -223134
t 113.285s - -226553
t 132.753s - -238491
t 139.107s - -250631
t 151.866s - -252185
t 158.502s - -270221
t 177.436s - -279285
t 189.957s - -288392
t 240.838s - -299979
t 247.063s - -311640
t 300.003s - -311640
r SAT
real 301.21
user 283.61
sys 19.08
