c PBO-#with-oracle
c timeout: 300
c verbose: True
c baseline: False
c print_solution: False
c ---------------------------------
c solving file: /proj/wolli/pbo-instances/KNAP/uncorrelated/knapPI_1_100_10000_2_-95477.opb
t 0.023s - 0
t 0.442s - -35722
t 0.873s - -55963
t 1.231s - -64521
t 1.817s - -67757
t 3.374s - -71607
t 3.677s - -78777
t 3.971s - -86645
t 4.580s - -87590
t 7.025s - -101053
t 12.438s - -103005
t 47.537s - -103596
t 63.319s - -105806
t 184.514s - -110536
t 226.745s - -111700
t 300.001s - -111700
r SAT
real 301.41
user 257.38
sys 45.44
