c PBO-#with-oracle
c timeout: 300
c verbose: True
c baseline: False
c print_solution: False
c ---------------------------------
c solving file: /proj/wolli/pbo-instances/KNAP/multiple_strongly_correlated/knapPI_14_1000_1000_1_-26616.opb
t 0.045s - 0
t 11.961s - -8114
t 23.517s - -8515
t 34.882s - -9716
t 46.286s - -10214
t 81.247s - -10612
t 103.958s - -10815
t 115.822s - -11612
t 127.019s - -12215
t 138.476s - -13108
t 160.790s - -13114
t 216.785s - -13515
t 238.932s - -13815
t 249.952s - -14309
t 300.002s - -14309
r SAT
real 301.56
user 285.48
sys 17.25
