c PBO-#with-oracle
c timeout: 300
c verbose: True
c baseline: False
c print_solution: False
c ---------------------------------
c solving file: /proj/wolli/pbo-instances/KNAP/multiple_strongly_correlated/knapPI_14_500_1000_1_-12746.opb
t 0.022s - 0
t 1.919s - -4546
t 5.193s - -4945
t 8.441s - -5241
t 10.048s - -5846
t 11.640s - -6043
t 13.237s - -6340
t 14.826s - -6934
t 18.772s - -7438
t 44.332s - -7740
t 82.764s - -8030
t 137.519s - -8439
t 142.151s - -9140
t 300.000s - -9140
r SAT
real 301.15
user 269.01
sys 33.76
