c PBO-#with-oracle
c timeout: 300
c verbose: True
c baseline: False
c print_solution: False
c ---------------------------------
c solving file: /proj/wolli/pbo-instances/KNAP/multiple_strongly_correlated/knapPI_14_200_1000_2_-6898.opb
t 0.038s - 0
t 1.229s - -4396
t 2.119s - -4495
t 2.993s - -5182
t 4.727s - -5597
t 5.591s - -5984
t 6.436s - -6594
t 17.665s - -6696
t 18.509s - -7088
t 85.176s - -7285
t 285.446s - -7475
t 286.277s - -7690
t 300.001s - -7690
r SAT
real 301.22
user 266.36
sys 36.01
