c PBO-#with-oracle
c timeout: 300
c verbose: True
c baseline: False
c print_solution: False
c ---------------------------------
c solving file: /proj/wolli/pbo-instances/KNAP/multiple_strongly_correlated/knapPI_14_200_1000_5_-13715.opb
t 0.038s - 0
t 12.111s - -7414
t 23.744s - -8315
t 35.313s - -8815
t 46.749s - -10214
t 58.600s - -10615
t 81.692s - -11311
t 93.045s - -12011
t 104.324s - -12410
t 127.482s - -13012
t 138.621s - -13514
t 149.766s - -13915
t 183.713s - -14009
t 194.750s - -14510
t 300.002s - -14510
r SAT
real 301.14
user 285.34
sys 17.17
