c PBO-#with-oracle
c timeout: 300
c verbose: True
c baseline: False
c print_solution: False
c ---------------------------------
c solving file: /proj/wolli/pbo-instances/KNAP/multiple_strongly_correlated/knapPI_14_100_1000_2_-3482.opb
t 0.033s - 0
t 0.262s - -1892
t 0.480s - -2192
t 0.710s - -2990
t 1.126s - -3077
t 1.631s - -3087
t 2.767s - -3387
t 2.923s - -3572
t 10.778s - -3589
t 10.933s - -3772
t 11.732s - -3984
t 21.114s - -3986
t 21.273s - -4280
t 300.001s - -4280
r SAT
real 301.19
user 234.68
sys 67.83
