c PBO-#with-oracle
c timeout: 300
c verbose: True
c baseline: True
c print_solution: False
c ---------------------------------
c solving file: /proj/wolli/pbo-instances/KNAP/strongly_correlated/knapPI_3_50_10000_2_-17847.opb
t 0.019s - 0
t 0.127s - -16617
t 0.784s - -16793
t 1.095s - -17772
t 7.491s - -17913
t 11.819s - -17918
t 14.519s - -18894
t 18.118s - -18954
t 35.419s - -19606
t 58.927s - -19766
t 203.243s - -19908
t 210.475s - -19935
t 214.029s - -19940
t 272.343s - -20861
t 300.000s - -20861
r SAT
real 301.16
user 172.95
sys 129.54
