c PBO-#with-oracle
c timeout: 300
c verbose: True
c baseline: True
c print_solution: False
c ---------------------------------
c solving file: /proj/wolli/pbo-instances/KNAP/strongly_correlated/knapPI_3_50_1000_2_-1678.opb
t 0.019s - 0
t 0.109s - -1496
t 0.191s - -1576
t 0.416s - -1597
t 0.494s - -1679
t 0.997s - -1684
t 1.229s - -1687
t 1.331s - -1695
t 1.539s - -1766
t 3.200s - -1866
t 5.785s - -1882
t 11.380s - -1894
t 15.888s - -1966
t 53.931s - -2057
t 300.000s - -2057
r SAT
real 301.39
user 178.60
sys 124.33
