c PBO-#with-oracle
c timeout: 300
c verbose: True
c baseline: True
c print_solution: False
c ---------------------------------
c solving file: /proj/wolli/pbo-instances/KNAP/strongly_correlated/knapPI_3_100_10000_1_-23982.opb
t 0.020s - 0
t 0.092s - -12941
t 0.190s - -17897
t 0.346s - -18665
t 3.503s - -18839
t 4.937s - -18914
t 5.279s - -18974
t 11.042s - -18983
t 14.165s - -19872
t 16.470s - -20872
t 36.905s - -21930
t 140.576s - -21981
t 300.001s - -21981
r SAT
real 301.11
user 171.01
sys 131.66
