c PBO-#with-oracle
c timeout: 300
c verbose: True
c baseline: True
c print_solution: False
c ---------------------------------
c solving file: /proj/wolli/pbo-instances/KNAP/weakly_correlated/knapPI_2_50_10000_2_-12453.opb
t 0.019s - 0
t 0.109s - -8171
t 0.207s - -10195
t 0.483s - -11021
t 0.553s - -11795
t 1.808s - -11929
t 1.954s - -12275
t 5.127s - -12413
t 5.886s - -13143
t 15.994s - -13406
t 36.854s - -13623
t 65.795s - -13835
t 178.425s - -14359
t 218.278s - -14726
t 300.002s - -14726
r SAT
real 301.06
user 164.56
sys 138.28
