c PBO-#with-oracle
c timeout: 300
c verbose: True
c baseline: True
c print_solution: False
c ---------------------------------
c solving file: /proj/wolli/pbo-instances/KNAP/weakly_correlated/knapPI_2_100_10000_4_-25763.opb
t 0.022s - 0
t 1.227s - -19223
t 2.359s - -19945
t 3.282s - -20242
t 5.143s - -20721
t 19.392s - -20899
t 36.997s - -21607
t 53.678s - -22341
t 97.332s - -22560
t 140.045s - -22574
t 148.406s - -23300
t 275.988s - -24315
t 300.001s - -24315
r SAT
real 301.12
user 258.32
sys 44.61
