c PBO-#with-oracle
c timeout: 300
c verbose: True
c baseline: True
c print_solution: False
c ---------------------------------
c solving file: /proj/wolli/pbo-instances/KNAP/weakly_correlated/knapPI_2_100_1000_3_-2117.opb
t 0.022s - 0
t 0.616s - -1474
t 1.624s - -1701
t 2.070s - -1714
t 8.428s - -1716
t 17.957s - -1736
t 50.186s - -1787
t 61.137s - -1809
t 78.433s - -1815
t 118.307s - -1826
t 161.543s - -1851
t 171.083s - -1859
t 200.464s - -1912
t 219.511s - -1916
t 300.001s - -1916
r SAT
real 301.24
user 245.88
sys 56.96
