c PBO-#with-oracle
c timeout: 300
c verbose: True
c baseline: False
c print_solution: False
c ---------------------------------
c solving file: /proj/wolli/pbo-instances/KNAP/strongly_correlated/knapPI_3_100_1000_4_-3773.opb
t 0.039s - 0
t 1.160s - -2468
t 2.052s - -2767
t 4.716s - -2870
t 8.246s - -2973
t 9.122s - -3164
t 9.997s - -3370
t 10.868s - -3770
t 25.327s - -3870
t 26.169s - -4149
t 29.536s - -4163
t 38.946s - -4347
t 155.923s - -4368
t 240.619s - -4451
t 300.002s - -4451
r SAT
real 301.53
user 265.66
sys 37.07
