c PBO-#with-oracle
c timeout: 300
c verbose: True
c baseline: False
c print_solution: False
c ---------------------------------
c solving file: /proj/wolli/pbo-instances/KNAP/strongly_correlated/knapPI_3_500_1000_1_-7117.opb
t 0.022s - 0
t 1.855s - -3215
t 3.475s - -3717
t 6.712s - -4017
t 9.911s - -4113
t 11.484s - -4515
t 17.791s - -4612
t 32.129s - -4814
t 33.688s - -4916
t 35.239s - -5197
t 60.126s - -5293
t 69.347s - -5305
t 80.587s - -5406
t 104.004s - -5412
t 105.519s - -5690
t 300.002s - -5690
r SAT
real 301.40
user 271.21
sys 31.57
