c PBO-#with-oracle
c timeout: 300
c verbose: True
c baseline: False
c print_solution: False
c ---------------------------------
c solving file: /proj/wolli/pbo-instances/KNAP/strongly_correlated/knapPI_3_50_1000_4_-1897.opb
t 0.027s - 0
t 0.266s - -1499
t 0.479s - -1698
t 1.037s - -1699
t 1.203s - -1894
t 2.027s - -1979
t 3.530s - -2093
t 4.846s - -2097
t 5.004s - -2169
t 5.161s - -2180
t 6.338s - -2198
t 6.511s - -2589
t 57.454s - -2599
t 300.001s - -2599
r SAT
real 301.46
user 235.98
sys 66.67
