c PBO-#with-oracle
c timeout: 300
c verbose: True
c baseline: False
c print_solution: False
c ---------------------------------
c solving file: /proj/wolli/pbo-instances/KNAP/strongly_correlated/knapPI_3_50_1000_5_-2415.opb
t 0.041s - 0
t 0.419s - -1627
t 0.797s - -2029
t 1.407s - -2232
t 1.674s - -2329
t 1.954s - -2627
t 3.076s - -2927
t 26.648s - -2930
t 30.482s - -2932
t 55.760s - -3020
t 56.018s - -3025
t 56.280s - -3211
t 121.920s - -3230
t 228.010s - -3330
t 300.000s - -3330
r SAT
real 301.73
user 240.90
sys 61.66
