c PBO-#with-oracle
c timeout: 300
c verbose: True
c baseline: False
c print_solution: False
c ---------------------------------
c solving file: /proj/wolli/pbo-instances/KNAP/strongly_correlated/knapPI_3_200_10000_5_-93992.opb
t 0.027s - 0
t 12.055s - -59978
t 23.753s - -62970
t 35.408s - -63978
t 46.886s - -69979
t 58.375s - -71991
t 69.799s - -72923
t 81.312s - -73960
t 128.209s - -74987
t 139.596s - -76974
t 162.397s - -77936
t 185.206s - -79887
t 300.008s - -79887
r SAT
real 301.11
user 284.60
sys 18.01
