c PBO-#with-oracle
c timeout: 300
c verbose: True
c baseline: False
c print_solution: False
c ---------------------------------
c solving file: /proj/wolli/pbo-instances/KNAP/strongly_correlated/knapPI_3_200_10000_1_-26330.opb
t 0.021s - 0
t 0.265s - -15123
t 0.488s - -18235
t 0.907s - -19324
t 5.114s - -20163
t 6.098s - -20223
t 9.094s - -20284
t 12.145s - -20302
t 27.684s - -21275
t 58.840s - -21291
t 62.016s - -21326
t 76.465s - -23238
t 300.000s - -23238
r SAT
real 301.19
user 234.68
sys 67.99
