c PBO-#with-oracle
c timeout: 300
c verbose: True
c baseline: False
c print_solution: False
c ---------------------------------
c solving file: /proj/wolli/pbo-instances/KNAP/strongly_correlated/knapPI_3_200_10000_2_-44006.opb
t 0.021s - 0
t 1.194s - -25962
t 2.139s - -30004
t 4.821s - -31987
t 5.698s - -32913
t 10.819s - -32926
t 14.337s - -33942
t 18.778s - -34809
t 20.528s - -34887
t 23.151s - -35574
t 24.018s - -35975
t 26.652s - -36966
t 27.524s - -41820
t 113.627s - -41971
t 116.167s - -44931
t 300.001s - -44931
r SAT
real 301.20
user 265.15
sys 37.67
