c PBO-#with-oracle
c timeout: 300
c verbose: True
c baseline: False
c print_solution: False
c ---------------------------------
c solving file: /proj/wolli/pbo-instances/KNAP/strongly_correlated/knapPI_3_200_1000_2_-4577.opb
t 0.024s - 0
t 1.213s - -2577
t 2.168s - -2777
t 3.064s - -3374
t 3.925s - -3577
t 4.778s - -3877
t 6.481s - -3969
t 7.324s - -4076
t 24.615s - -4077
t 42.244s - -4367
t 86.240s - -4371
t 87.073s - -4576
t 90.445s - -4668
t 300.003s - -4668
r SAT
real 301.24
user 265.02
sys 37.64
