c PBO-#with-oracle
c timeout: 300
c verbose: True
c baseline: False
c print_solution: False
c ---------------------------------
c solving file: /proj/wolli/pbo-instances/KNAP/strongly_correlated/knapPI_3_50_10000_1_-20862.opb
t 0.035s - 0
t 0.090s - -13860
t 0.131s - -15778
t 0.196s - -15780
t 0.294s - -15961
t 0.334s - -17753
t 0.551s - -17949
t 0.604s - -18664
t 0.627s - -18681
t 4.354s - -19885
t 10.214s - -19924
t 31.887s - -20862
t 300.004s - -20862
r SAT
real 301.11
user 156.07
sys 146.63
