c PBO-#with-oracle
c timeout: 300
c verbose: True
c baseline: False
c print_solution: False
c ---------------------------------
c solving file: /proj/wolli/pbo-instances/KNAP/strongly_correlated/knapPI_3_500_1000_2_-11836.opb
t 0.025s - 0
t 12.064s - -6136
t 23.635s - -6436
t 35.239s - -6836
t 46.759s - -7136
t 58.578s - -7233
t 82.039s - -7336
t 93.477s - -7536
t 104.908s - -7731
t 127.637s - -8036
t 138.867s - -8433
t 253.367s - -8436
t 264.603s - -8732
t 275.796s - -8835
t 300.018s - -8835
r SAT
real 301.22
user 284.08
sys 18.43
