c PBO-#with-oracle
c timeout: 300
c verbose: True
c baseline: False
c print_solution: False
c ---------------------------------
c solving file: /proj/wolli/pbo-instances/KNAP/strongly_correlated/knapPI_3_100_10000_4_-36729.opb
t 0.034s - 0
t 1.144s - -25725
t 2.034s - -27670
t 2.925s - -31724
t 7.416s - -35686
t 8.283s - -38728
t 9.991s - -39723
t 35.996s - -40375
t 38.539s - -41601
t 39.377s - -42347
t 40.217s - -43729
t 41.045s - -44667
t 300.002s - -44667
r SAT
real 301.24
user 263.76
sys 38.87
