c PBO-#with-oracle
c timeout: 300
c verbose: True
c baseline: True
c print_solution: False
c ---------------------------------
c solving file: /proj/wolli/pbo-instances/KNAP/weakly_correlated_span/knapPI_12_100_1000_4_-2739.opb
t 0.026s - 0
t 1.409s - -2160
t 2.657s - -2266
t 3.872s - -2302
t 5.096s - -2333
t 6.309s - -2401
t 12.502s - -2459
t 14.983s - -2518
t 27.288s - -2526
t 28.534s - -2596
t 36.568s - -2648
t 53.786s - -2697
t 227.175s - -2741
t 300.002s - -2741
r SAT
real 301.16
user 266.01
sys 36.82
