c PBO-#with-oracle
c timeout: 300
c verbose: True
c baseline: True
c print_solution: False
c ---------------------------------
c solving file: /proj/wolli/pbo-instances/KNAP/weakly_correlated_span/knapPI_12_20_1000_3_-1360.opb
t 0.037s - 0
t 0.153s - -1173
t 0.266s - -1179
t 0.358s - -1212
t 0.826s - -1225
t 1.955s - -1279
t 2.272s - -1302
t 2.636s - -1304
t 4.123s - -1324
t 9.262s - -1340
t 11.013s - -1344
t 16.126s - -1386
t 18.548s - -1402
t 300.000s - -1402
r SAT
real 301.20
user 221.83
sys 80.75
