c PBO-#with-oracle
c timeout: 300
c verbose: True
c baseline: True
c print_solution: False
c ---------------------------------
c solving file: /proj/wolli/pbo-instances/KNAP/strongly_correlated/knapPI_3_50_1000_2_-1678.opb
t 0.034s - 0
t 0.220s - -1496
t 0.399s - -1576
t 0.928s - -1597
t 1.111s - -1679
t 2.076s - -1684
t 2.501s - -1687
t 2.762s - -1695
t 3.198s - -1766
t 7.025s - -1866
t 12.958s - -1882
t 25.513s - -1894
t 35.707s - -1966
t 121.450s - -2057
t 300.001s - -2057
r SAT
real 301.67
user 238.27
sys 64.51
