c PBO-#with-oracle
c timeout: 300
c verbose: True
c baseline: True
c print_solution: False
c ---------------------------------
c solving file: /proj/wolli/pbo-instances/miplib-unpacked/supportcase11.opb
Traceback (most recent call last):
  File "/proj/wolli/pbo-ls-with-oracle/solver/solver.py", line 159, in <module>
    solve_inc(rsat, objvars, C_map)
  File "/proj/wolli/pbo-ls-with-oracle/solver/solver.py", line 95, in solve_inc
    model.solve([], 0)
  File "/proj/wolli/pbo-ls-with-oracle/solver/solver.py", line 30, in handle_exit
    timer(cost(T, best_model, C_map))
  File "/proj/wolli/pbo-ls-with-oracle/solver/solver_util.py", line 14, in cost
    if model[l - 1] > 0:
IndexError: list index out of range
real 361.59
user 300.20
sys 61.98
