c PBO-#with-oracle
c timeout: 300
c verbose: True
c baseline: False
c print_solution: False
c ---------------------------------
c solving file: /proj/wolli/pbo-instances/KNAP/uncorrelated/knapPI_1_100_10000_4_-96006.opb
t 0.021s - 0
t 1.188s - -27875
t 2.098s - -47668
t 3.922s - -71089
t 4.811s - -96199
t 5.708s - -128724
t 6.571s - -130550
t 7.444s - -151247
t 8.295s - -154528
t 18.983s - -158854
t 21.508s - -166318
t 22.351s - -176899
t 185.854s - -180714
t 233.028s - -193016
t 300.001s - -193016
r SAT
real 301.45
user 263.09
sys 39.55
