c PBO-#with-oracle
c timeout: 300
c verbose: True
c baseline: False
c print_solution: False
c ---------------------------------
c solving file: /proj/wolli/pbo-instances/KNAP/uncorrelated/knapPI_1_50_1000_5_-4889.opb
t 0.020s - 0
t 0.393s - -2541
t 0.753s - -4146
t 1.705s - -6534
t 2.249s - -6603
t 2.794s - -9196
t 7.163s - -10127
t 9.815s - -10572
t 10.071s - -10816
t 11.391s - -10865
t 18.140s - -11304
t 38.052s - -11372
t 38.314s - -12246
t 300.001s - -12246
r SAT
real 301.12
user 245.71
sys 56.88
