c PBO-#with-oracle
c timeout: 300
c verbose: True
c baseline: False
c print_solution: False
c ---------------------------------
c solving file: /proj/wolli/pbo-instances/KNAP/uncorrelated/knapPI_1_200_10000_4_-217984.opb
t 0.043s - 0
t 6.424s - -71186
t 18.706s - -98494
t 24.758s - -129346
t 36.776s - -150976
t 42.770s - -165849
t 48.852s - -177478
t 55.266s - -184601
t 85.176s - -185773
t 91.092s - -186308
t 96.945s - -223134
t 102.779s - -226553
t 120.237s - -238491
t 126.015s - -250631
t 137.610s - -252185
t 143.360s - -270221
t 160.520s - -279285
t 171.867s - -288392
t 218.382s - -299979
t 224.043s - -311640
t 300.010s - -311640
r SAT
real 301.10
user 281.63
sys 21.21
