c PBO-#with-oracle
c timeout: 300
c verbose: True
c baseline: False
c print_solution: False
c ---------------------------------
c solving file: /proj/wolli/pbo-instances/KNAP/uncorrelated/knapPI_1_200_1000_2_-17058.opb
t 0.039s - 0
t 1.132s - -5401
t 2.039s - -7994
t 3.818s - -8378
t 4.697s - -8680
t 5.586s - -10312
t 6.464s - -12116
t 13.445s - -12819
t 39.210s - -13017
t 40.070s - -13401
t 70.009s - -13490
t 91.983s - -14360
t 92.840s - -15291
t 250.386s - -15820
t 251.231s - -16673
t 300.001s - -16673
r SAT
real 301.14
user 263.54
sys 39.09
