c PBO-#with-oracle
c timeout: 300
c verbose: True
c baseline: False
c print_solution: False
c ---------------------------------
c solving file: /proj/wolli/pbo-instances/KNAP/uncorrelated/knapPI_1_200_1000_4_-24880.opb
t 0.023s - 0
t 6.467s - -9233
t 18.772s - -10099
t 24.853s - -11588
t 30.917s - -12156
t 36.931s - -14249
t 61.221s - -15621
t 67.180s - -19071
t 73.121s - -20880
t 79.032s - -20903
t 90.878s - -22089
t 120.316s - -22420
t 126.155s - -23590
t 143.642s - -26143
t 300.001s - -26143
r SAT
real 301.41
user 281.16
sys 21.60
