c PBO-#with-oracle
c timeout: 300
c verbose: True
c baseline: False
c print_solution: False
c ---------------------------------
c solving file: /proj/wolli/pbo-instances/KNAP/uncorrelated/knapPI_1_200_1000_3_-19084.opb
t 0.026s - 0
t 3.025s - -4252
t 5.751s - -4420
t 8.468s - -6667
t 11.160s - -9353
t 13.846s - -11658
t 19.192s - -11785
t 45.981s - -13569
t 51.236s - -13976
t 64.577s - -14021
t 67.210s - -14730
t 80.698s - -15473
t 96.734s - -15487
t 115.224s - -16823
t 117.812s - -17198
t 120.379s - -18271
t 122.952s - -18441
t 159.924s - -19368
t 162.530s - -20317
t 283.547s - -20465
t 286.086s - -21914
t 289.000s - -23900
t 300.005s - -23900
r SAT
real 301.15
user 275.17
sys 27.58
