c PBO-#with-oracle
c timeout: 300
c verbose: True
c baseline: False
c print_solution: False
c ---------------------------------
c solving file: /proj/wolli/pbo-instances/KNAP/uncorrelated/knapPI_1_500_1000_2_-44338.opb
t 0.043s - 0
t 11.948s - -7854
t 23.594s - -11051
t 35.180s - -12329
t 46.713s - -14901
t 58.173s - -17090
t 69.958s - -17507
t 173.907s - -17984
t 208.328s - -19288
t 231.901s - -20395
t 243.261s - -20709
t 277.771s - -21326
t 300.004s - -21326
r SAT
real 301.22
user 285.21
sys 17.43
