c PBO-#with-oracle
c timeout: 300
c verbose: True
c baseline: False
c print_solution: False
c ---------------------------------
c solving file: /proj/wolli/pbo-instances/KNAP/uncorrelated/knapPI_1_100_10000_1_-81021.opb
t 0.019s - 0
t 0.096s - -23147
t 0.253s - -45994
t 0.708s - -49883
t 0.822s - -57299
t 1.104s - -64263
t 3.861s - -64797
t 4.314s - -67027
t 9.490s - -68052
t 11.077s - -69796
t 17.303s - -72785
t 21.194s - -74144
t 58.610s - -76703
t 61.488s - -78733
t 300.000s - -78733
r SAT
real 301.24
user 189.81
sys 112.99
