c PBO-#with-oracle
c timeout: 300
c verbose: True
c baseline: False
c print_solution: False
c ---------------------------------
c solving file: /proj/wolli/pbo-instances/KNAP/multiple_strongly_correlated/knapPI_14_100_1000_3_-5765.opb
t 0.025s - 0
t 0.906s - -2964
t 1.734s - -3257
t 2.439s - -4164
t 3.105s - -4261
t 4.461s - -4451
t 6.408s - -5263
t 7.031s - -5455
t 7.633s - -5756
t 19.000s - -5965
t 22.241s - -6264
t 22.836s - -6560
t 26.666s - -6662
t 37.559s - -6829
t 139.942s - -6864
t 300.001s - -6864
r SAT
real 301.58
user 263.97
sys 38.74
