c PBO-#with-oracle
c timeout: 300
c verbose: True
c baseline: False
c print_solution: False
c ---------------------------------
c solving file: /proj/wolli/pbo-instances/KNAP/multiple_strongly_correlated/knapPI_14_20_1000_4_-2255.opb
t 0.024s - 0
t 0.176s - -1994
t 0.294s - -2188
t 0.431s - -2435
t 0.542s - -2468
t 1.835s - -2472
t 1.966s - -2771
t 10.276s - -2790
t 16.425s - -2818
t 20.343s - -2880
t 20.948s - -2988
t 44.399s - -3073
t 55.017s - -3083
t 96.469s - -3096
t 277.254s - -3097
t 300.006s - -3097
r SAT
real 301.23
user 239.95
sys 62.58
