c PBO-#with-oracle
c timeout: 300
c verbose: True
c baseline: False
c print_solution: False
c ---------------------------------
c solving file: /proj/wolli/pbo-instances/KNAP/multiple_strongly_correlated/knapPI_14_50_1000_4_-3290.opb
t 0.025s - 0
t 0.442s - -1990
t 1.528s - -2295
t 1.829s - -2497
t 2.132s - -2884
t 2.439s - -3400
t 3.678s - -3800
t 5.806s - -3801
t 10.045s - -4094
t 57.076s - -4288
t 57.364s - -4497
t 58.886s - -4566
t 192.501s - -4579
t 270.088s - -4674
t 300.001s - -4674
r SAT
real 301.13
user 259.85
sys 42.71
