c PBO-#with-oracle
c timeout: 300
c verbose: True
c baseline: False
c print_solution: False
c ---------------------------------
c solving file: /proj/wolli/pbo-instances/KNAP/multiple_strongly_correlated/knapPI_14_200_1000_5_-13715.opb
t 0.028s - 0
t 12.754s - -7414
t 25.181s - -8315
t 37.560s - -8815
t 49.843s - -10214
t 62.113s - -10615
t 87.149s - -11311
t 99.325s - -12011
t 111.389s - -12410
t 135.654s - -13012
t 147.592s - -13514
t 159.612s - -13915
t 195.674s - -14009
t 207.526s - -14510
t 300.020s - -14510
r SAT
real 301.26
user 285.35
sys 17.30
