c PBO-#with-oracle
c timeout: 300
c verbose: True
c baseline: False
c print_solution: False
c ---------------------------------
c solving file: /proj/wolli/pbo-instances/KNAP/strongly_correlated/knapPI_3_100_1000_4_-3773.opb
t 0.023s - 0
t 1.549s - -2468
t 2.771s - -2767
t 6.356s - -2870
t 11.370s - -2973
t 12.573s - -3164
t 13.735s - -3370
t 14.884s - -3770
t 33.405s - -3870
t 34.526s - -4149
t 38.989s - -4163
t 51.501s - -4347
t 206.494s - -4368
t 300.001s - -4368
r SAT
real 301.22
user 273.43
sys 29.28
