c PBO-#with-oracle
c timeout: 300
c verbose: True
c baseline: False
c print_solution: False
c ---------------------------------
c solving file: /proj/wolli/pbo-instances/KNAP/strongly_correlated/knapPI_3_200_10000_5_-93992.opb
t 0.028s - 0
t 12.773s - -59978
t 25.259s - -62970
t 37.724s - -63978
t 50.011s - -69979
t 62.266s - -71991
t 74.422s - -72923
t 86.680s - -73960
t 136.409s - -74987
t 148.556s - -76974
t 172.943s - -77936
t 197.564s - -79887
t 300.003s - -79887
r SAT
real 301.72
user 286.00
sys 16.61
