c PBO-#with-oracle
c timeout: 300
c verbose: True
c baseline: False
c print_solution: False
c ---------------------------------
c solving file: /proj/wolli/pbo-instances/KNAP/strongly_correlated/knapPI_3_50_1000_3_-1798.opb
t 0.022s - 0
t 0.295s - -1297
t 0.583s - -1396
t 0.861s - -1592
t 1.096s - -1690
t 1.309s - -1883
t 1.501s - -1885
t 1.693s - -1976
t 1.898s - -2080
t 5.011s - -2098
t 5.403s - -2289
t 25.657s - -2365
t 243.329s - -2393
t 251.438s - -2484
t 300.001s - -2484
r SAT
real 301.20
user 250.53
sys 52.29
