c PBO-#with-oracle
c timeout: 300
c verbose: True
c baseline: False
c print_solution: False
c ---------------------------------
c solving file: /proj/wolli/pbo-instances/KNAP/strongly_correlated/knapPI_3_100_10000_3_-32245.opb
t 0.028s - 0
t 0.882s - -20231
t 1.534s - -21201
t 2.937s - -22243
t 3.593s - -28240
t 9.329s - -29219
t 9.943s - -31043
t 10.547s - -31220
t 11.159s - -33074
t 11.814s - -33098
t 14.236s - -33968
t 18.055s - -35051
t 85.899s - -35222
t 114.252s - -36158
t 158.633s - -37243
t 300.002s - -37243
r SAT
real 301.38
user 265.10
sys 37.34
