c PBO-#with-oracle
c timeout: 300
c verbose: True
c baseline: False
c print_solution: False
c ---------------------------------
c solving file: /proj/wolli/pbo-instances/KNAP/strongly_correlated/knapPI_3_500_1000_1_-7117.opb
t 0.026s - 0
t 2.261s - -3215
t 4.279s - -3717
t 8.278s - -4017
t 12.340s - -4113
t 14.309s - -4515
t 22.253s - -4612
t 40.780s - -4814
t 42.743s - -4916
t 44.645s - -5197
t 75.350s - -5293
t 86.732s - -5305
t 100.123s - -5406
t 128.979s - -5412
t 130.856s - -5690
t 300.001s - -5690
r SAT
real 301.30
user 275.46
sys 27.20
