c PBO-#with-oracle
c timeout: 300
c verbose: True
c baseline: False
c print_solution: False
c ---------------------------------
c solving file: /proj/wolli/pbo-instances/KNAP/strongly_correlated/knapPI_3_500_1000_2_-11836.opb
t 0.030s - 0
t 12.976s - -6136
t 25.719s - -6436
t 38.293s - -6836
t 50.675s - -7136
t 63.118s - -7233
t 88.011s - -7336
t 100.376s - -7536
t 112.777s - -7731
t 137.185s - -8036
t 149.360s - -8433
t 272.409s - -8436
t 285.278s - -8732
t 297.331s - -8835
t 300.003s - -8835
r SAT
real 301.16
user 285.40
sys 17.15
