c PBO-#with-oracle
c timeout: 300
c verbose: True
c baseline: False
c print_solution: False
c ---------------------------------
c solving file: /proj/wolli/pbo-instances/KNAP/strongly_correlated/knapPI_3_200_10000_1_-26330.opb
t 0.024s - 0
t 0.457s - -15123
t 0.870s - -18235
t 1.584s - -19324
t 9.456s - -20163
t 11.372s - -20223
t 17.006s - -20284
t 22.792s - -20302
t 52.311s - -21275
t 111.775s - -21291
t 117.732s - -21326
t 145.071s - -23238
t 300.001s - -23238
r SAT
real 301.18
user 258.82
sys 43.80
