c PBO-#with-oracle
c timeout: 300
c verbose: True
c baseline: False
c print_solution: False
c ---------------------------------
c solving file: /proj/wolli/pbo-instances/KNAP/strongly_correlated/knapPI_3_200_1000_3_-6458.opb
t 0.025s - 0
t 3.559s - -3958
t 6.667s - -4456
t 9.764s - -4653
t 12.830s - -5150
t 40.700s - -5152
t 46.812s - -5258
t 49.864s - -5346
t 52.905s - -5548
t 58.969s - -5856
t 65.021s - -6156
t 68.008s - -6339
t 70.948s - -6547
t 258.979s - -6548
t 300.001s - -6548
r SAT
real 301.17
user 277.60
sys 25.17
