c PBO-#with-oracle
c timeout: 300
c verbose: True
c baseline: False
c print_solution: False
c ---------------------------------
c solving file: /proj/wolli/pbo-instances/KNAP/strongly_correlated/knapPI_3_200_10000_2_-44006.opb
t 0.024s - 0
t 1.560s - -25962
t 2.763s - -30004
t 6.306s - -31987
t 7.468s - -32913
t 13.357s - -32926
t 18.012s - -33942
t 23.883s - -34809
t 26.216s - -34887
t 29.714s - -35574
t 30.868s - -35975
t 34.368s - -36966
t 35.514s - -41820
t 149.496s - -41971
t 152.876s - -44931
t 300.002s - -44931
r SAT
real 301.25
user 272.84
sys 29.89
