c PBO-#with-oracle
c timeout: 300
c verbose: True
c baseline: False
c print_solution: False
c ---------------------------------
c solving file: /proj/wolli/pbo-instances/KNAP/almost_strongly_correlated/knapPI_5_50_1000_2_-1901.opb
t 0.023s - 0
t 0.208s - -1389
t 0.372s - -1497
t 0.532s - -1679
t 0.691s - -1791
t 1.493s - -1985
t 17.226s - -1997
t 21.358s - -2089
t 44.012s - -2092
t 56.451s - -2097
t 94.197s - -2196
t 99.234s - -2274
t 144.281s - -2298
t 300.001s - -2298
r SAT
real 301.24
user 245.34
sys 57.21
