c PBO-#with-oracle
c timeout: 300
c verbose: True
c baseline: False
c print_solution: False
c ---------------------------------
c solving file: /proj/wolli/pbo-instances/KNAP/almost_strongly_correlated/knapPI_5_100_10000_5_-43621.opb
t 0.025s - 0
t 2.278s - -32598
t 4.300s - -35559
t 6.906s - -37555
t 9.007s - -37580
t 10.988s - -42561
t 14.914s - -44606
t 24.685s - -48519
t 40.464s - -49505
t 114.008s - -49582
t 115.926s - -50546
t 133.542s - -52574
t 135.434s - -53481
t 165.441s - -53633
t 187.107s - -54472
t 196.742s - -55531
t 300.003s - -55531
r SAT
real 301.18
user 273.00
sys 29.59
