c PBO-#with-oracle
c timeout: 300
c verbose: True
c baseline: False
c print_solution: False
c ---------------------------------
c solving file: /proj/wolli/pbo-instances/KNAP/almost_strongly_correlated/knapPI_5_50_1000_5_-2351.opb
t 0.025s - 0
t 0.647s - -2059
t 1.183s - -2149
t 1.634s - -2456
t 2.071s - -2650
t 2.953s - -2739
t 6.035s - -2744
t 15.234s - -2858
t 17.864s - -3044
t 77.899s - -3152
t 129.599s - -3156
t 203.254s - -3159
t 262.780s - -3334
t 300.001s - -3334
r SAT
real 301.43
user 265.51
sys 37.22
