c PBO-#with-oracle
c timeout: 300
c verbose: True
c baseline: False
c print_solution: False
c ---------------------------------
c solving file: /proj/wolli/pbo-instances/KNAP/almost_strongly_correlated/knapPI_5_100_10000_3_-31938.opb
t 0.024s - 0
t 0.884s - -21845
t 1.620s - -23843
t 3.522s - -25824
t 4.147s - -27837
t 10.396s - -27890
t 11.022s - -29886
t 11.646s - -33685
t 14.668s - -33774
t 18.352s - -33819
t 81.322s - -34817
t 88.568s - -35637
t 117.168s - -37836
t 300.000s - -37836
r SAT
real 301.11
user 269.10
sys 33.77
