c PBO-#with-oracle
c timeout: 300
c verbose: True
c baseline: False
c print_solution: False
c ---------------------------------
c solving file: /proj/wolli/pbo-instances/KNAP/almost_strongly_correlated/knapPI_5_200_1000_3_-6247.opb
t 0.025s - 0
t 3.470s - -3441
t 10.602s - -3546
t 13.825s - -4044
t 16.964s - -4242
t 20.124s - -4640
t 23.257s - -4936
t 26.362s - -4938
t 32.685s - -5043
t 36.586s - -5135
t 40.304s - -5423
t 59.711s - -5434
t 115.214s - -5439
t 118.261s - -5542
t 300.005s - -5542
r SAT
real 301.11
user 276.95
sys 25.94
