c PBO-#with-oracle
c timeout: 300
c verbose: True
c baseline: False
c print_solution: False
c ---------------------------------
c solving file: /proj/wolli/pbo-instances/KNAP/almost_strongly_correlated/knapPI_5_500_10000_2_-120936.opb
t 0.029s - 0
t 12.764s - -61842
t 25.127s - -65823
t 37.800s - -66861
t 50.156s - -67838
t 62.473s - -68885
t 74.807s - -69841
t 87.102s - -72838
t 99.526s - -74811
t 124.697s - -74821
t 136.833s - -75851
t 148.993s - -77900
t 161.124s - -79865
t 173.274s - -79891
t 185.309s - -82890
t 300.007s - -82890
r SAT
real 301.49
user 286.15
sys 16.58
