c PBO-#with-oracle
c timeout: 300
c verbose: True
c baseline: False
c print_solution: False
c ---------------------------------
c solving file: /proj/wolli/pbo-instances/KNAP/almost_strongly_correlated/knapPI_5_500_1000_1_-7241.opb
t 0.025s - 0
t 2.747s - -3339
t 5.063s - -3340
t 7.735s - -3536
t 9.971s - -3638
t 11.986s - -4140
t 13.931s - -4332
t 26.598s - -4340
t 34.384s - -4529
t 36.346s - -4532
t 40.305s - -4626
t 81.487s - -4732
t 83.795s - -4836
t 90.338s - -4936
t 121.164s - -5116
t 124.964s - -5222
t 126.864s - -5339
t 128.755s - -5732
t 300.001s - -5732
r SAT
real 301.24
user 273.30
sys 29.44
