c PBO-#with-oracle
c timeout: 300
c verbose: True
c baseline: False
c print_solution: False
c ---------------------------------
c solving file: /proj/wolli/pbo-instances/KNAP/almost_strongly_correlated/knapPI_5_100_1000_5_-4470.opb
t 0.027s - 0
t 2.297s - -3367
t 4.329s - -3670
t 6.346s - -3672
t 8.367s - -3974
t 10.341s - -4071
t 16.307s - -4169
t 18.280s - -4263
t 20.271s - -4448
t 22.250s - -4652
t 28.125s - -4669
t 42.009s - -4764
t 63.755s - -4849
t 85.543s - -4958
t 113.849s - -5041
t 115.755s - -5161
t 163.624s - -5269
t 228.692s - -5270
t 281.519s - -5363
t 300.002s - -5363
r SAT
real 301.48
user 274.13
sys 28.65
