c PBO-#with-oracle
c timeout: 300
c verbose: True
c baseline: False
c print_solution: False
c ---------------------------------
c solving file: /proj/wolli/pbo-instances/KNAP/almost_strongly_correlated/knapPI_5_50_1000_1_-2096.opb
t 0.024s - 0
t 0.123s - -1293
t 0.200s - -1389
t 0.381s - -1394
t 0.456s - -1488
t 0.764s - -1688
t 1.090s - -1794
t 2.026s - -1821
t 3.946s - -1891
t 12.913s - -1892
t 21.060s - -1894
t 21.834s - -1973
t 29.778s - -1989
t 33.482s - -1991
t 119.895s - -1992
t 155.805s - -2070
t 185.565s - -2090
t 300.002s - -2090
r SAT
real 301.23
user 229.62
sys 73.09
