c PBO-#with-oracle
c timeout: 300
c verbose: True
c baseline: False
c print_solution: False
c ---------------------------------
c solving file: /proj/wolli/pbo-instances/KNAP/almost_strongly_correlated/knapPI_5_50_10000_3_-21864.opb
t 0.023s - 0
t 0.278s - -10899
t 0.571s - -15895
t 0.830s - -16823
t 1.038s - -18842
t 1.831s - -20857
t 2.042s - -23789
t 5.200s - -24741
t 16.058s - -24876
t 26.438s - -25666
t 48.026s - -25829
t 54.820s - -25906
t 57.043s - -26726
t 143.650s - -26800
t 143.862s - -27639
t 224.007s - -27796
t 300.000s - -27796
r SAT
real 301.25
user 249.51
sys 53.07
