c PBO-#with-oracle
c timeout: 300
c verbose: True
c baseline: False
c print_solution: False
c ---------------------------------
c solving file: /proj/wolli/pbo-instances/KNAP/almost_strongly_correlated/knapPI_5_50_10000_4_-18105.opb
t 0.024s - 0
t 0.458s - -16063
t 1.589s - -19997
t 1.884s - -20090
t 4.385s - -20097
t 4.695s - -23004
t 16.123s - -23084
t 17.351s - -24082
t 17.637s - -24982
t 17.939s - -27595
t 30.007s - -27932
t 55.703s - -28010
t 300.001s - -28010
r SAT
real 301.56
user 257.93
sys 44.75
