c PBO-#with-oracle
c timeout: 300
c verbose: True
c baseline: False
c print_solution: False
c ---------------------------------
c solving file: /proj/wolli/pbo-instances/KNAP/almost_strongly_correlated/knapPI_5_50_1000_4_-1872.opb
t 0.025s - 0
t 0.417s - -1076
t 0.833s - -1474
t 1.207s - -1577
t 1.826s - -1671
t 2.134s - -1851
t 2.733s - -1860
t 3.026s - -1961
t 3.317s - -2072
t 8.863s - -2075
t 17.268s - -2268
t 18.810s - -2369
t 66.266s - -2473
t 198.463s - -2476
t 300.000s - -2476
r SAT
real 301.25
user 259.19
sys 43.60
