c PBO-#with-oracle
c timeout: 300
c verbose: True
c baseline: False
c print_solution: False
c ---------------------------------
c solving file: /proj/wolli/pbo-instances/KNAP/almost_strongly_correlated/knapPI_5_100_10000_1_-23965.opb
t 0.022s - 0
t 0.215s - -15927
t 0.525s - -15949
t 0.675s - -16624
t 0.824s - -16705
t 0.973s - -18943
t 4.010s - -19933
t 6.440s - -19969
t 14.442s - -20779
t 26.067s - -21586
t 84.056s - -21772
t 84.165s - -22916
t 300.001s - -22916
r SAT
real 301.45
user 248.49
sys 54.35
