c PBO-#with-oracle
c timeout: 300
c verbose: True
c baseline: False
c print_solution: False
c ---------------------------------
c solving file: /proj/wolli/pbo-instances/KNAP/almost_strongly_correlated/knapPI_5_200_1000_5_-9271.opb
t 0.031s - 0
t 12.764s - -6666
t 25.111s - -7265
t 37.395s - -7569
t 62.031s - -7571
t 74.251s - -7668
t 86.448s - -7860
t 111.133s - -8068
t 123.286s - -8467
t 159.520s - -8764
t 220.358s - -8961
t 232.293s - -9158
t 300.009s - -9158
r SAT
real 301.23
user 286.20
sys 16.53
