c PBO-#with-oracle
c timeout: 300
c verbose: True
c baseline: False
c print_solution: False
c ---------------------------------
c solving file: /proj/wolli/pbo-instances/KNAP/weakly_correlated/knapPI_2_100_10000_3_-22847.opb
t 0.025s - 0
t 0.587s - -15788
t 1.111s - -16668
t 1.546s - -16809
t 1.961s - -17178
t 2.377s - -17293
t 2.809s - -18934
t 3.222s - -19891
t 3.641s - -20457
t 7.373s - -21150
t 9.041s - -21584
t 18.398s - -21862
t 19.490s - -22724
t 44.933s - -23653
t 300.001s - -23653
r SAT
real 301.15
user 253.62
sys 49.15
