c PBO-#with-oracle
c timeout: 300
c verbose: True
c baseline: False
c print_solution: False
c ---------------------------------
c solving file: /proj/wolli/pbo-instances/KNAP/weakly_correlated/knapPI_2_100_1000_3_-2117.opb
t 0.028s - 0
t 0.596s - -1710
t 1.152s - -1750
t 2.881s - -1795
t 6.234s - -1865
t 6.649s - -1912
t 35.831s - -1928
t 38.299s - -1956
t 39.552s - -2003
t 43.276s - -2030
t 46.948s - -2048
t 48.180s - -2102
t 236.531s - -2124
t 236.947s - -2202
t 300.001s - -2202
r SAT
real 301.61
user 256.19
sys 46.37
