c PBO-#with-oracle
c timeout: 300
c verbose: True
c baseline: False
c print_solution: False
c ---------------------------------
c solving file: /proj/wolli/pbo-instances/KNAP/weakly_correlated/knapPI_2_50_10000_3_-15374.opb
t 0.021s - 0
t 0.136s - -9854
t 0.265s - -11340
t 0.407s - -14169
t 0.530s - -14694
t 3.127s - -15159
t 4.803s - -15261
t 8.126s - -15855
t 14.688s - -15987
t 51.843s - -16266
t 65.704s - -17003
t 65.796s - -17249
t 172.825s - -17407
t 300.001s - -17407
r SAT
real 301.11
user 212.23
sys 90.42
