c PBO-#with-oracle
c timeout: 300
c verbose: True
c baseline: False
c print_solution: False
c ---------------------------------
c solving file: /proj/wolli/pbo-instances/KNAP/weakly_correlated/knapPI_2_50_1000_3_-1348.opb
t 0.020s - 0
t 0.184s - -1106
t 0.307s - -1142
t 0.416s - -1146
t 0.562s - -1213
t 1.645s - -1229
t 1.741s - -1290
t 4.413s - -1332
t 55.728s - -1365
t 150.816s - -1373
t 160.527s - -1380
t 162.222s - -1392
t 183.905s - -1420
t 274.521s - -1451
t 300.001s - -1451
r SAT
real 301.12
user 213.64
sys 89.04
