c PBO-#with-oracle
c timeout: 300
c verbose: True
c baseline: True
c print_solution: False
c ---------------------------------
c solving file: /proj/wolli/pbo-instances/KNAP/uncorrelated/knapPI_1_50_1000_2_-5847.opb
t 0.020s - 0
t 0.112s - -3159
t 0.202s - -4321
t 1.522s - -4394
t 1.933s - -5374
t 4.258s - -6016
t 4.660s - -6023
t 7.273s - -6047
t 18.813s - -6054
t 26.274s - -6252
t 28.910s - -6263
t 31.258s - -6580
t 33.715s - -6611
t 60.676s - -7203
t 94.334s - -7590
t 300.000s - -7590
r SAT
real 301.13
user 165.57
sys 137.11
