c PBO-#with-oracle
c timeout: 300
c verbose: True
c baseline: True
c print_solution: False
c ---------------------------------
c solving file: /proj/wolli/pbo-instances/KNAP/uncorrelated/knapPI_1_50_10000_1_-68946.opb
t 0.019s - 0
t 0.084s - -36844
t 0.185s - -43109
t 0.256s - -43642
t 0.417s - -46476
t 0.744s - -46996
t 0.784s - -52500
t 2.627s - -54911
t 2.788s - -55544
t 6.787s - -62531
t 35.930s - -63903
t 36.245s - -66136
t 192.969s - -67481
t 300.000s - -67481
r SAT
real 301.08
user 127.75
sys 175.13
