c PBO-#with-oracle
c timeout: 300
c verbose: True
c baseline: True
c print_solution: False
c ---------------------------------
c solving file: /proj/wolli/pbo-instances/KNAP/uncorrelated/knapPI_1_100_10000_1_-81021.opb
t 0.019s - 0
t 0.115s - -26320
t 0.204s - -31024
t 0.284s - -40174
t 0.570s - -41915
t 0.879s - -42666
t 1.404s - -44164
t 1.995s - -48513
t 4.833s - -49418
t 5.143s - -49928
t 5.292s - -55900
t 11.691s - -58581
t 18.272s - -59796
t 23.961s - -68642
t 112.754s - -71007
t 300.002s - -71007
r SAT
real 301.51
user 169.07
sys 133.73
