c PBO-#with-oracle
c timeout: 300
c verbose: True
c baseline: True
c print_solution: False
c ---------------------------------
c solving file: /proj/wolli/pbo-instances/KNAP/uncorrelated/knapPI_1_200_1000_1_-11238.opb
t 0.019s - 0
t 0.268s - -2885
t 0.498s - -3270
t 0.726s - -3514
t 1.844s - -4044
t 2.028s - -4647
t 10.527s - -4847
t 13.135s - -5218
t 27.401s - -5717
t 48.661s - -6016
t 53.895s - -6137
t 70.711s - -6157
t 110.575s - -6992
t 300.004s - -6992
r SAT
real 301.20
user 222.55
sys 80.36
