c PBO-#with-oracle
c timeout: 300
c verbose: True
c baseline: False
c print_solution: False
c ---------------------------------
c solving file: /proj/wolli/pbo-instances/KNAP/almost_strongly_correlated/knapPI_5_500_1000_1_-7241.opb
t 0.044s - 0
t 4.673s - -3339
t 9.180s - -3340
t 13.655s - -3536
t 18.122s - -3638
t 22.552s - -4140
t 26.897s - -4332
t 53.476s - -4340
t 66.569s - -4529
t 70.887s - -4532
t 79.563s - -4626
t 163.043s - -4732
t 167.345s - -4836
t 180.337s - -4936
t 245.224s - -5116
t 253.682s - -5222
t 257.890s - -5339
t 262.063s - -5732
t 300.002s - -5732
r SAT
real 301.65
user 271.98
sys 30.96
