c PBO-#with-oracle
c timeout: 300
c verbose: True
c baseline: False
c print_solution: False
c ---------------------------------
c solving file: /proj/wolli/pbo-instances/KNAP/almost_strongly_correlated/knapPI_5_50_10000_2_-18843.opb
t 0.029s - 0
t 0.124s - -14899
t 0.389s - -14915
t 0.490s - -18271
t 0.809s - -19802
t 0.943s - -20408
t 3.088s - -20678
t 3.787s - -20846
t 4.737s - -21603
t 6.040s - -22664
t 8.387s - -22758
t 10.292s - -22769
t 67.289s - -22838
t 124.237s - -22885
t 300.007s - -22885
r SAT
real 301.32
user 185.31
sys 117.52
