c PBO-#with-oracle
c timeout: 300
c verbose: True
c baseline: False
c print_solution: False
c ---------------------------------
c solving file: /proj/wolli/pbo-instances/KNAP/almost_strongly_correlated/knapPI_5_200_10000_3_-64848.opb
t 0.024s - 0
t 3.012s - -37831
t 5.706s - -41742
t 11.068s - -42712
t 13.744s - -42744
t 16.415s - -44727
t 19.083s - -45784
t 21.725s - -49755
t 26.971s - -51697
t 34.913s - -51790
t 37.489s - -54788
t 58.958s - -55671
t 77.295s - -56769
t 111.555s - -59817
t 231.750s - -60743
t 234.291s - -62707
t 300.007s - -62707
r SAT
real 301.37
user 275.55
sys 27.21
