c PBO-#with-oracle
c timeout: 300
c verbose: True
c baseline: False
c print_solution: False
c ---------------------------------
c solving file: /proj/wolli/pbo-instances/KNAP/almost_strongly_correlated/knapPI_5_50_10000_4_-18105.opb
t 0.040s - 0
t 0.288s - -16063
t 0.942s - -19997
t 1.146s - -20090
t 2.592s - -20097
t 2.763s - -23004
t 8.827s - -23084
t 9.491s - -24082
t 9.645s - -24982
t 9.811s - -27595
t 16.358s - -27932
t 30.213s - -28010
t 169.590s - -29011
t 300.001s - -29011
r SAT
real 301.18
user 232.02
sys 70.69
