c PBO-#with-oracle
c timeout: 300
c verbose: True
c baseline: False
c print_solution: False
c ---------------------------------
c solving file: /proj/wolli/pbo-instances/KNAP/almost_strongly_correlated/knapPI_5_100_1000_4_-3735.opb
t 0.020s - 0
t 1.209s - -2829
t 2.147s - -3236
t 3.034s - -3436
t 3.914s - -3617
t 4.789s - -3618
t 6.553s - -3734
t 8.310s - -3829
t 9.176s - -4138
t 97.720s - -4330
t 161.412s - -4334
t 163.124s - -4419
t 216.710s - -4434
t 229.784s - -4535
t 300.001s - -4535
r SAT
real 301.26
user 266.95
sys 35.61
