c PBO-#with-oracle
c timeout: 300
c verbose: True
c baseline: False
c print_solution: False
c ---------------------------------
c solving file: /proj/wolli/pbo-instances/KNAP/almost_strongly_correlated/knapPI_5_100_1000_1_-2295.opb
t 0.019s - 0
t 0.086s - -1193
t 0.168s - -1485
t 0.357s - -1563
t 0.419s - -1660
t 0.676s - -1692
t 0.738s - -1740
t 3.472s - -1750
t 3.527s - -1974
t 43.861s - -1975
t 44.485s - -1986
t 99.529s - -1988
t 104.420s - -1991
t 140.436s - -1995
t 145.212s - -2086
t 272.062s - -2090
t 300.000s - -2090
r SAT
real 301.21
user 196.13
sys 106.64
