c PBO-#with-oracle
c timeout: 300
c verbose: True
c baseline: False
c print_solution: False
c ---------------------------------
c solving file: /proj/wolli/pbo-instances/KNAP/almost_strongly_correlated/knapPI_5_200_1000_3_-6247.opb
t 0.038s - 0
t 3.110s - -3441
t 8.588s - -3546
t 11.308s - -4044
t 13.974s - -4242
t 16.635s - -4640
t 19.258s - -4936
t 21.888s - -4938
t 27.148s - -5043
t 29.768s - -5135
t 32.384s - -5423
t 48.273s - -5434
t 94.184s - -5439
t 96.775s - -5542
t 258.330s - -5618
t 300.000s - -5618
r SAT
real 301.19
user 275.90
sys 26.70
