c PBO-#with-oracle
c timeout: 300
c verbose: True
c baseline: False
c print_solution: False
c ---------------------------------
c solving file: /proj/wolli/pbo-instances/KNAP/almost_strongly_correlated/knapPI_5_100_10000_5_-43621.opb
t 0.034s - 0
t 1.951s - -32598
t 3.569s - -35559
t 5.192s - -37555
t 6.805s - -37580
t 8.400s - -42561
t 11.901s - -44606
t 19.901s - -48519
t 32.561s - -49505
t 91.162s - -49582
t 92.714s - -50546
t 106.863s - -52574
t 108.390s - -53481
t 132.079s - -53633
t 149.490s - -54472
t 157.278s - -55531
t 300.003s - -55531
r SAT
real 301.29
user 270.87
sys 31.66
