c PBO-#with-oracle
c timeout: 300
c verbose: True
c baseline: False
c print_solution: False
c ---------------------------------
c solving file: /proj/wolli/pbo-instances/KNAP/almost_strongly_correlated/knapPI_5_50_1000_2_-1901.opb
t 0.038s - 0
t 0.125s - -1389
t 0.200s - -1497
t 0.273s - -1679
t 0.345s - -1791
t 0.682s - -1985
t 6.890s - -1997
t 8.594s - -2089
t 18.007s - -2092
t 23.183s - -2097
t 39.153s - -2196
t 40.906s - -2274
t 59.690s - -2298
t 300.000s - -2298
r SAT
real 301.19
user 189.51
sys 113.19
