c PBO-#with-oracle
c timeout: 300
c verbose: True
c baseline: False
c print_solution: False
c ---------------------------------
c solving file: /proj/wolli/pbo-instances/KNAP/almost_strongly_correlated/knapPI_5_200_10000_2_-45993.opb
t 0.036s - 0
t 1.190s - -27919
t 2.065s - -28877
t 2.962s - -33864
t 5.584s - -34747
t 9.160s - -35915
t 10.036s - -37931
t 14.453s - -38846
t 16.181s - -38941
t 17.928s - -40926
t 37.848s - -41904
t 116.764s - -42878
t 121.977s - -45926
t 300.000s - -45926
r SAT
real 301.18
user 263.64
sys 39.08
