c PBO-#with-oracle
c timeout: 300
c verbose: True
c baseline: False
c print_solution: False
c ---------------------------------
c solving file: /proj/wolli/pbo-instances/KNAP/almost_strongly_correlated/knapPI_5_50_10000_3_-21864.opb
t 0.020s - 0
t 0.134s - -10899
t 0.287s - -15895
t 0.409s - -16823
t 0.535s - -18842
t 0.994s - -20857
t 1.094s - -23789
t 2.566s - -24741
t 7.465s - -24876
t 12.338s - -25666
t 22.305s - -25829
t 25.424s - -25906
t 26.472s - -26726
t 66.352s - -26800
t 66.443s - -27639
t 103.849s - -27796
t 287.476s - -28719
t 300.000s - -28719
r SAT
real 301.14
user 210.55
sys 92.22
