c PBO-#with-oracle
c timeout: 300
c verbose: True
c baseline: False
c print_solution: False
c ---------------------------------
c solving file: /proj/wolli/pbo-instances/KNAP/almost_strongly_correlated/knapPI_5_100_10000_1_-23965.opb
t 0.033s - 0
t 0.140s - -15927
t 0.278s - -15949
t 0.343s - -16624
t 0.405s - -16705
t 0.476s - -18943
t 1.698s - -19933
t 2.695s - -19969
t 6.170s - -20779
t 11.277s - -21586
t 36.035s - -21772
t 36.082s - -22916
t 300.000s - -22916
r SAT
real 301.26
user 188.18
sys 114.30
