c PBO-#with-oracle
c timeout: 300
c verbose: True
c baseline: False
c print_solution: False
c ---------------------------------
c solving file: /proj/wolli/pbo-instances/KNAP/almost_strongly_correlated/knapPI_5_50_1000_5_-2351.opb
t 0.033s - 0
t 0.418s - -2059
t 0.771s - -2149
t 1.123s - -2456
t 1.411s - -2650
t 1.951s - -2739
t 3.982s - -2744
t 9.557s - -2858
t 11.159s - -3044
t 47.653s - -3152
t 78.801s - -3156
t 122.393s - -3159
t 158.348s - -3334
t 300.000s - -3334
r SAT
real 301.15
user 246.24
sys 56.32
