c PBO-#with-oracle
c timeout: 300
c verbose: True
c baseline: True
c print_solution: False
c ---------------------------------
c solving file: /proj/wolli/pbo-instances/KNAP/inverse_strongly_correlated/knapPI_4_100_10000_2_-10706.opb
t 0.018s - 0
t 0.233s - -10073
t 0.891s - -10291
t 2.973s - -10415
t 4.154s - -10519
t 6.238s - -10560
t 9.451s - -10577
t 10.845s - -10603
t 14.478s - -10606
t 15.688s - -10629
t 20.427s - -10650
t 25.051s - -10662
t 31.271s - -10664
t 76.024s - -10676
t 105.532s - -10688
t 111.945s - -10696
t 286.114s - -10703
t 300.000s - -10703
r SAT
real 301.08
user 234.88
sys 67.89
