c PBO-#with-oracle
c timeout: 300
c verbose: True
c baseline: False
c print_solution: False
c ---------------------------------
c solving file: /proj/wolli/pbo-instances/KNAP/circle/knapPI_16_100_1000_3_-6166.opb
t 0.021s - 0
t 0.601s - -2794
t 1.147s - -3645
t 1.569s - -4208
t 2.397s - -4779
t 4.488s - -4806
t 5.298s - -4828
t 5.699s - -5178
t 11.116s - -5297
t 20.209s - -5553
t 21.019s - -5567
t 21.810s - -6041
t 36.223s - -6055
t 56.470s - -6291
t 155.119s - -6528
t 238.326s - -7003
t 300.002s - -7003
r SAT
real 301.16
user 254.07
sys 48.56
