c PBO-#with-oracle
c timeout: 300
c verbose: True
c baseline: False
c print_solution: False
c ---------------------------------
c solving file: /proj/wolli/pbo-instances/KNAP/circle/knapPI_16_500_1000_1_-13145.opb
t 0.035s - 0
t 1.931s - -4053
t 3.553s - -4818
t 5.169s - -5460
t 6.779s - -6413
t 9.961s - -6532
t 11.531s - -6776
t 16.300s - -6821
t 19.414s - -7108
t 24.138s - -7182
t 27.260s - -7195
t 28.816s - -7412
t 30.374s - -7531
t 38.295s - -7543
t 39.846s - -7911
t 42.928s - -9343
t 300.004s - -9343
r SAT
real 301.17
user 270.62
sys 32.11
