c PBO-#with-oracle
c timeout: 300
c verbose: True
c baseline: True
c print_solution: False
c ---------------------------------
c solving file: /proj/wolli/pbo-instances/KNAP/weakly_correlated_span/knapPI_12_100_1000_4_-2739.opb
t 0.021s - 0
t 1.119s - -2160
t 2.045s - -2266
t 2.971s - -2302
t 3.901s - -2333
t 4.819s - -2401
t 9.477s - -2459
t 11.336s - -2518
t 20.609s - -2526
t 21.544s - -2596
t 27.064s - -2648
t 40.069s - -2697
t 169.761s - -2741
t 300.003s - -2741
r SAT
real 301.11
user 259.99
sys 42.62
