c PBO-#with-oracle
c timeout: 300
c verbose: True
c baseline: True
c print_solution: False
c ---------------------------------
c solving file: /proj/wolli/pbo-instances/KNAP/strongly_correlated_span/knapPI_13_20_1000_3_-1200.opb
t 0.019s - 0
t 0.077s - -1083
t 0.170s - -1182
t 0.353s - -1214
t 0.418s - -1215
t 0.482s - -1228
t 0.567s - -1400
t 1.251s - -1409
t 1.476s - -1414
t 1.636s - -1517
t 4.009s - -1551
t 34.722s - -1585
t 104.765s - -1590
t 106.828s - -1599
t 300.002s - -1599
r SAT
real 301.10
user 134.86
sys 167.71
