c PBO-#with-oracle
c timeout: 300
c verbose: True
c baseline: True
c print_solution: False
c ---------------------------------
c solving file: /proj/wolli/pbo-instances/KNAP/inverse_strongly_correlated/knapPI_4_100_10000_2_-10706.opb
t 0.023s - 0
t 0.421s - -10073
t 1.475s - -10291
t 5.275s - -10415
t 7.457s - -10519
t 11.324s - -10560
t 16.874s - -10577
t 19.454s - -10603
t 26.300s - -10606
t 28.530s - -10629
t 37.097s - -10650
t 45.708s - -10662
t 57.508s - -10664
t 140.864s - -10676
t 195.837s - -10688
t 207.811s - -10696
t 300.000s - -10696
r SAT
real 301.18
user 257.88
sys 44.82
